2021-10-24 17:31:24 INFO  Log:10 - ****************************************************************************************
2021-10-24 17:31:24 INFO  Log:11 - ****************************************************************************************
2021-10-24 17:31:24 INFO  Log:12 - $$$$$$$$$$$$$$$$$$$$$                 Balances should be calculated based on Income & Expenses       $$$$$$$$$$$$$$$$$$$$$$$$$
2021-10-24 17:31:24 INFO  Log:13 - ****************************************************************************************
2021-10-24 17:31:24 INFO  Log:14 - ****************************************************************************************
2021-10-24 17:31:45 INFO  Log:18 - XXXXXXXXXXXXXXXXXXXXXXX             -E---N---D-             XXXXXXXXXXXXXXXXXXXXXX
2021-10-24 17:31:45 INFO  Log:19 - X
2021-10-24 17:31:45 INFO  Log:20 - X
2021-10-24 17:31:45 INFO  Log:21 - X
2021-10-24 17:31:45 INFO  Log:22 - X
2021-10-24 17:32:11 INFO  Log:10 - ****************************************************************************************
2021-10-24 17:32:11 INFO  Log:11 - ****************************************************************************************
2021-10-24 17:32:11 INFO  Log:12 - $$$$$$$$$$$$$$$$$$$$$                 Check is user able to select the range to see the financial status between the intervals       $$$$$$$$$$$$$$$$$$$$$$$$$
2021-10-24 17:32:11 INFO  Log:13 - ****************************************************************************************
2021-10-24 17:32:11 INFO  Log:14 - ****************************************************************************************
2021-10-24 17:32:40 INFO  Log:18 - XXXXXXXXXXXXXXXXXXXXXXX             -E---N---D-             XXXXXXXXXXXXXXXXXXXXXX
2021-10-24 17:32:40 INFO  Log:19 - X
2021-10-24 17:32:40 INFO  Log:20 - X
2021-10-24 17:32:40 INFO  Log:21 - X
2021-10-24 17:32:40 INFO  Log:22 - X
2021-10-24 17:33:05 INFO  Log:10 - ****************************************************************************************
2021-10-24 17:33:05 INFO  Log:11 - ****************************************************************************************
2021-10-24 17:33:05 INFO  Log:12 - $$$$$$$$$$$$$$$$$$$$$                 I should be able to export data to file       $$$$$$$$$$$$$$$$$$$$$$$$$
2021-10-24 17:33:05 INFO  Log:13 - ****************************************************************************************
2021-10-24 17:33:05 INFO  Log:14 - ****************************************************************************************
2021-10-24 17:33:34 INFO  Log:18 - XXXXXXXXXXXXXXXXXXXXXXX             -E---N---D-             XXXXXXXXXXXXXXXXXXXXXX
2021-10-24 17:33:34 INFO  Log:19 - X
2021-10-24 17:33:34 INFO  Log:20 - X
2021-10-24 17:33:34 INFO  Log:21 - X
2021-10-24 17:33:34 INFO  Log:22 - X
2021-10-24 17:33:59 INFO  Log:10 - ****************************************************************************************
2021-10-24 17:33:59 INFO  Log:11 - ****************************************************************************************
2021-10-24 17:33:59 INFO  Log:12 - $$$$$$$$$$$$$$$$$$$$$                 I should be able to change the currency       $$$$$$$$$$$$$$$$$$$$$$$$$
2021-10-24 17:33:59 INFO  Log:13 - ****************************************************************************************
2021-10-24 17:33:59 INFO  Log:14 - ****************************************************************************************
2021-10-24 17:34:12 INFO  Log:18 - XXXXXXXXXXXXXXXXXXXXXXX             -E---N---D-             XXXXXXXXXXXXXXXXXXXXXX
2021-10-24 17:34:12 INFO  Log:19 - X
2021-10-24 17:34:12 INFO  Log:20 - X
2021-10-24 17:34:12 INFO  Log:21 - X
2021-10-24 17:34:12 INFO  Log:22 - X
2021-10-24 17:34:38 INFO  Log:10 - ****************************************************************************************
2021-10-24 17:34:38 INFO  Log:11 - ****************************************************************************************
2021-10-24 17:34:38 INFO  Log:12 - $$$$$$$$$$$$$$$$$$$$$                 Calculate by entering expenses more then the income       $$$$$$$$$$$$$$$$$$$$$$$$$
2021-10-24 17:34:38 INFO  Log:13 - ****************************************************************************************
2021-10-24 17:34:38 INFO  Log:14 - ****************************************************************************************
2021-10-24 17:35:00 INFO  Log:18 - XXXXXXXXXXXXXXXXXXXXXXX             -E---N---D-             XXXXXXXXXXXXXXXXXXXXXX
2021-10-24 17:35:00 INFO  Log:19 - X
2021-10-24 17:35:00 INFO  Log:20 - X
2021-10-24 17:35:00 INFO  Log:21 - X
2021-10-24 17:35:00 INFO  Log:22 - X
